<?xml version="1.0" encoding="UTF-8"?>
<coverage generated="1727331548160" clover="3.2.0">
  <project timestamp="1727331548160" name="All files">
    <metrics statements="333" coveredstatements="207" conditionals="133" coveredconditionals="81" methods="39" coveredmethods="26" elements="505" coveredelements="314" complexity="0" loc="333" ncloc="333" packages="4" files="7" classes="7"/>
    <package name="node">
      <metrics statements="56" coveredstatements="36" conditionals="22" coveredconditionals="11" methods="10" coveredmethods="6"/>
      <file name="api.ts" path="/Users/luiz/Documents/freela/garaga/tools/npm/garaga_ts/src/node/api.ts">
        <metrics statements="14" coveredstatements="0" conditionals="11" coveredconditionals="0" methods="3" coveredmethods="0"/>
        <line num="3" count="0" type="stmt"/>
        <line num="5" count="0" type="cond" truecount="0" falsecount="2"/>
        <line num="6" count="0" type="stmt"/>
        <line num="7" count="0" type="stmt"/>
        <line num="8" count="0" type="stmt"/>
        <line num="9" count="0" type="stmt"/>
        <line num="10" count="0" type="stmt"/>
        <line num="22" count="0" type="cond" truecount="0" falsecount="1"/>
        <line num="23" count="0" type="stmt"/>
        <line num="24" count="0" type="cond" truecount="0" falsecount="2"/>
        <line num="25" count="0" type="cond" truecount="0" falsecount="2"/>
        <line num="26" count="0" type="cond" truecount="0" falsecount="2"/>
        <line num="27" count="0" type="cond" truecount="0" falsecount="2"/>
        <line num="28" count="0" type="stmt"/>
      </file>
      <file name="definitions.ts" path="/Users/luiz/Documents/freela/garaga/tools/npm/garaga_ts/src/node/definitions.ts">
        <metrics statements="36" coveredstatements="36" conditionals="11" coveredconditionals="11" methods="6" coveredmethods="6"/>
        <line num="12" count="1" type="cond" truecount="2" falsecount="0"/>
        <line num="13" count="1" type="stmt"/>
        <line num="14" count="1" type="stmt"/>
        <line num="15" count="1" type="stmt"/>
        <line num="16" count="1" type="stmt"/>
        <line num="17" count="1" type="stmt"/>
        <line num="75" count="1" type="stmt"/>
        <line num="78" count="9" type="cond" truecount="1" falsecount="0"/>
        <line num="79" count="2" type="stmt"/>
        <line num="81" count="7" type="cond" truecount="1" falsecount="0"/>
        <line num="82" count="2" type="stmt"/>
        <line num="85" count="5" type="stmt"/>
        <line num="87" count="5" type="stmt"/>
        <line num="88" count="50" type="cond" truecount="3" falsecount="0"/>
        <line num="89" count="17" type="stmt"/>
        <line num="90" count="17" type="stmt"/>
        <line num="93" count="5" type="stmt"/>
        <line num="96" count="1" type="stmt"/>
        <line num="108" count="1" type="stmt"/>
        <line num="109" count="65" type="stmt"/>
        <line num="112" count="1" type="stmt"/>
        <line num="113" count="1" type="stmt"/>
        <line num="114" count="1" type="stmt"/>
        <line num="116" count="1" type="stmt"/>
        <line num="117" count="66" type="cond" truecount="2" falsecount="0"/>
        <line num="118" count="1" type="stmt"/>
        <line num="119" count="1" type="stmt"/>
        <line num="121" count="65" type="stmt"/>
        <line num="122" count="65" type="stmt"/>
        <line num="123" count="65" type="stmt"/>
        <line num="124" count="65" type="cond" truecount="2" falsecount="0"/>
        <line num="127" count="66" type="stmt"/>
        <line num="128" count="66" type="stmt"/>
        <line num="131" count="1" type="stmt"/>
        <line num="134" count="1" type="stmt"/>
        <line num="178" count="64" type="stmt"/>
      </file>
      <file name="index.ts" path="/Users/luiz/Documents/freela/garaga/tools/npm/garaga_ts/src/node/index.ts">
        <metrics statements="6" coveredstatements="0" conditionals="0" coveredconditionals="0" methods="1" coveredmethods="0"/>
        <line num="1" count="0" type="stmt"/>
        <line num="2" count="0" type="stmt"/>
        <line num="4" count="0" type="stmt"/>
        <line num="5" count="0" type="stmt"/>
        <line num="7" count="0" type="stmt"/>
        <line num="8" count="0" type="stmt"/>
      </file>
    </package>
    <package name="node.hints">
      <metrics statements="72" coveredstatements="20" conditionals="30" coveredconditionals="8" methods="6" coveredmethods="3"/>
      <file name="io.ts" path="/Users/luiz/Documents/freela/garaga/tools/npm/garaga_ts/src/node/hints/io.ts">
        <metrics statements="72" coveredstatements="20" conditionals="30" coveredconditionals="8" methods="6" coveredmethods="3"/>
        <line num="4" count="1" type="stmt"/>
        <line num="7" count="190" type="cond" truecount="2" falsecount="0"/>
        <line num="8" count="188" type="stmt"/>
        <line num="9" count="188" type="stmt"/>
        <line num="10" count="188" type="stmt"/>
        <line num="12" count="0" type="cond" truecount="0" falsecount="2"/>
        <line num="13" count="0" type="stmt"/>
        <line num="15" count="0" type="stmt"/>
        <line num="18" count="2" type="cond" truecount="1" falsecount="1"/>
        <line num="19" count="0" type="stmt"/>
        <line num="20" count="2" type="cond" truecount="1" falsecount="1"/>
        <line num="21" count="2" type="cond" truecount="1" falsecount="1"/>
        <line num="22" count="2" type="stmt"/>
        <line num="24" count="0" type="stmt"/>
        <line num="26" count="0" type="cond" truecount="0" falsecount="2"/>
        <line num="27" count="0" type="stmt"/>
        <line num="28" count="0" type="stmt"/>
        <line num="29" count="0" type="stmt"/>
        <line num="31" count="0" type="stmt"/>
        <line num="33" count="0" type="stmt"/>
        <line num="39" count="1" type="stmt"/>
        <line num="40" count="0" type="cond" truecount="0" falsecount="2"/>
        <line num="41" count="0" type="stmt"/>
        <line num="43" count="0" type="stmt"/>
        <line num="45" count="0" type="stmt"/>
        <line num="46" count="0" type="cond" truecount="0" falsecount="4"/>
        <line num="47" count="0" type="stmt"/>
        <line num="49" count="0" type="stmt"/>
        <line num="51" count="0" type="stmt"/>
        <line num="55" count="1" type="stmt"/>
        <line num="56" count="0" type="cond" truecount="0" falsecount="1"/>
        <line num="57" count="0" type="stmt"/>
        <line num="59" count="0" type="cond" truecount="0" falsecount="1"/>
        <line num="60" count="0" type="stmt"/>
        <line num="62" count="0" type="stmt"/>
        <line num="63" count="0" type="stmt"/>
        <line num="64" count="0" type="stmt"/>
        <line num="65" count="0" type="stmt"/>
        <line num="67" count="0" type="stmt"/>
        <line num="70" count="1" type="stmt"/>
        <line num="71" count="2" type="cond" truecount="2" falsecount="1"/>
        <line num="72" count="2" type="stmt"/>
        <line num="74" count="0" type="stmt"/>
        <line num="75" count="0" type="cond" truecount="0" falsecount="2"/>
        <line num="76" count="0" type="stmt"/>
        <line num="77" count="0" type="stmt"/>
        <line num="78" count="0" type="stmt"/>
        <line num="80" count="0" type="stmt"/>
        <line num="83" count="1" type="stmt"/>
        <line num="84" count="0" type="stmt"/>
        <line num="85" count="0" type="stmt"/>
        <line num="87" count="0" type="cond" truecount="0" falsecount="3"/>
        <line num="88" count="0" type="stmt"/>
        <line num="91" count="0" type="stmt"/>
        <line num="92" count="0" type="stmt"/>
        <line num="94" count="0" type="stmt"/>
        <line num="97" count="1" type="stmt"/>
        <line num="98" count="10" type="stmt"/>
        <line num="99" count="10" type="stmt"/>
        <line num="101" count="10" type="cond" truecount="1" falsecount="0"/>
        <line num="102" count="10" type="stmt"/>
        <line num="105" count="0" type="stmt"/>
        <line num="107" count="0" type="stmt"/>
        <line num="108" count="0" type="stmt"/>
        <line num="111" count="0" type="stmt"/>
        <line num="112" count="0" type="stmt"/>
        <line num="113" count="0" type="stmt"/>
        <line num="116" count="0" type="stmt"/>
        <line num="117" count="0" type="stmt"/>
        <line num="121" count="0" type="cond" truecount="0" falsecount="1"/>
        <line num="122" count="0" type="stmt"/>
        <line num="125" count="0" type="stmt"/>
      </file>
    </package>
    <package name="node.starknet.groth16ContractGenerator">
      <metrics statements="205" coveredstatements="151" conditionals="81" coveredconditionals="62" methods="23" coveredmethods="17"/>
      <file name="parsingUtils.ts" path="/Users/luiz/Documents/freela/garaga/tools/npm/garaga_ts/src/node/starknet/groth16ContractGenerator/parsingUtils.ts">
        <metrics statements="205" coveredstatements="151" conditionals="81" coveredconditionals="62" methods="23" coveredmethods="17"/>
        <line num="1" count="1" type="stmt"/>
        <line num="2" count="1" type="stmt"/>
        <line num="3" count="1" type="stmt"/>
        <line num="4" count="1" type="stmt"/>
        <line num="8" count="1" type="stmt"/>
        <line num="9" count="1" type="stmt"/>
        <line num="10" count="1" type="stmt"/>
        <line num="57" count="1" type="stmt"/>
        <line num="58" count="6" type="stmt"/>
        <line num="59" count="6" type="stmt"/>
        <line num="61" count="6" type="stmt"/>
        <line num="64" count="6" type="stmt"/>
        <line num="65" count="6" type="stmt"/>
        <line num="67" count="3" type="stmt"/>
        <line num="70" count="6" type="stmt"/>
        <line num="71" count="6" type="stmt"/>
        <line num="72" count="5" type="stmt"/>
        <line num="73" count="5" type="stmt"/>
        <line num="74" count="5" type="stmt"/>
        <line num="75" count="5" type="cond" truecount="3" falsecount="0"/>
        <line num="76" count="14" type="stmt"/>
        <line num="77" count="5" type="stmt"/>
        <line num="85" count="0" type="stmt"/>
        <line num="88" count="1" type="stmt"/>
        <line num="89" count="1" type="stmt"/>
        <line num="91" count="1" type="stmt"/>
        <line num="92" count="1" type="stmt"/>
        <line num="93" count="1" type="stmt"/>
        <line num="94" count="1" type="stmt"/>
        <line num="96" count="1" type="cond" truecount="3" falsecount="0"/>
        <line num="97" count="3" type="stmt"/>
        <line num="98" count="1" type="stmt"/>
        <line num="106" count="0" type="stmt"/>
        <line num="111" count="0" type="stmt"/>
        <line num="117" count="1" type="stmt"/>
        <line num="119" count="5" type="stmt"/>
        <line num="121" count="5" type="stmt"/>
        <line num="123" count="5" type="stmt"/>
        <line num="125" count="5" type="stmt"/>
        <line num="127" count="5" type="stmt"/>
        <line num="128" count="5" type="stmt"/>
        <line num="130" count="3" type="stmt"/>
        <line num="133" count="5" type="stmt"/>
        <line num="135" count="5" type="stmt"/>
        <line num="136" count="0" type="stmt"/>
        <line num="137" count="0" type="stmt"/>
        <line num="139" count="0" type="stmt"/>
        <line num="140" count="0" type="stmt"/>
        <line num="141" count="0" type="stmt"/>
        <line num="143" count="0" type="stmt"/>
        <line num="149" count="5" type="stmt"/>
        <line num="151" count="5" type="cond" truecount="2" falsecount="0"/>
        <line num="153" count="3" type="stmt"/>
        <line num="155" count="3" type="cond" truecount="4" falsecount="0"/>
        <line num="157" count="1" type="stmt"/>
        <line num="158" count="2" type="stmt"/>
        <line num="160" count="2" type="cond" truecount="1" falsecount="1"/>
        <line num="161" count="2" type="stmt"/>
        <line num="163" count="0" type="stmt"/>
        <line num="166" count="2" type="stmt"/>
        <line num="168" count="5" type="stmt"/>
        <line num="169" count="5" type="stmt"/>
        <line num="170" count="5" type="stmt"/>
        <line num="172" count="5" type="stmt"/>
        <line num="180" count="0" type="stmt"/>
        <line num="186" count="1" type="cond" truecount="0" falsecount="2"/>
        <line num="189" count="0" type="cond" truecount="0" falsecount="1"/>
        <line num="190" count="0" type="stmt"/>
        <line num="193" count="0" type="stmt"/>
        <line num="195" count="0" type="stmt"/>
        <line num="196" count="0" type="stmt"/>
        <line num="197" count="0" type="stmt"/>
        <line num="199" count="0" type="stmt"/>
        <line num="201" count="0" type="stmt"/>
        <line num="234" count="0" type="stmt"/>
        <line num="236" count="1" type="stmt"/>
        <line num="237" count="0" type="stmt"/>
        <line num="240" count="0" type="stmt"/>
        <line num="252" count="0" type="stmt"/>
        <line num="257" count="0" type="stmt"/>
        <line num="263" count="0" type="stmt"/>
        <line num="270" count="0" type="stmt"/>
        <line num="281" count="1" type="stmt"/>
        <line num="282" count="0" type="stmt"/>
        <line num="285" count="0" type="stmt"/>
        <line num="288" count="0" type="stmt"/>
        <line num="296" count="0" type="stmt"/>
        <line num="299" count="1" type="stmt"/>
        <line num="302" count="0" type="cond" truecount="0" falsecount="2"/>
        <line num="304" count="0" type="stmt"/>
        <line num="305" count="0" type="stmt"/>
        <line num="308" count="0" type="stmt"/>
        <line num="309" count="0" type="stmt"/>
        <line num="313" count="0" type="stmt"/>
        <line num="316" count="0" type="stmt"/>
        <line num="319" count="1" type="stmt"/>
        <line num="320" count="0" type="stmt"/>
        <line num="322" count="0" type="stmt"/>
        <line num="325" count="1" type="stmt"/>
        <line num="326" count="11" type="stmt"/>
        <line num="327" count="11" type="stmt"/>
        <line num="328" count="9" type="stmt"/>
        <line num="331" count="2" type="stmt"/>
        <line num="333" count="2" type="stmt"/>
        <line num="334" count="2" type="stmt"/>
        <line num="335" count="2" type="stmt"/>
        <line num="336" count="2" type="stmt"/>
        <line num="338" count="0" type="stmt"/>
        <line num="342" count="2" type="cond" truecount="2" falsecount="1"/>
        <line num="343" count="0" type="stmt"/>
        <line num="346" count="2" type="cond" truecount="1" falsecount="1"/>
        <line num="347" count="0" type="stmt"/>
        <line num="349" count="2" type="stmt"/>
        <line num="355" count="1" type="stmt"/>
        <line num="356" count="29" type="stmt"/>
        <line num="357" count="29" type="stmt"/>
        <line num="358" count="66" type="cond" truecount="1" falsecount="0"/>
        <line num="359" count="66" type="stmt"/>
        <line num="360" count="66" type="cond" truecount="5" falsecount="0"/>
        <line num="362" count="27" type="stmt"/>
        <line num="365" count="39" type="stmt"/>
        <line num="369" count="29" type="stmt"/>
        <line num="373" count="1" type="stmt"/>
        <line num="374" count="169" type="stmt"/>
        <line num="375" count="169" type="stmt"/>
        <line num="377" count="169" type="stmt"/>
        <line num="379" count="169" type="cond" truecount="1" falsecount="0"/>
        <line num="380" count="5" type="stmt"/>
        <line num="385" count="169" type="stmt"/>
        <line num="386" count="566" type="stmt"/>
        <line num="388" count="587" type="cond" truecount="2" falsecount="0"/>
        <line num="389" count="120" type="stmt"/>
        <line num="390" count="120" type="stmt"/>
        <line num="392" count="467" type="cond" truecount="3" falsecount="0"/>
        <line num="394" count="45" type="stmt"/>
        <line num="395" count="45" type="stmt"/>
        <line num="396" count="45" type="cond" truecount="1" falsecount="1"/>
        <line num="398" count="45" type="cond" truecount="1" falsecount="0"/>
        <line num="399" count="37" type="stmt"/>
        <line num="400" count="37" type="stmt"/>
        <line num="406" count="169" type="cond" truecount="1" falsecount="0"/>
        <line num="407" count="155" type="stmt"/>
        <line num="409" count="14" type="stmt"/>
        <line num="412" count="1" type="stmt"/>
        <line num="413" count="10" type="stmt"/>
        <line num="416" count="1" type="stmt"/>
        <line num="420" count="10" type="stmt"/>
        <line num="421" count="10" type="stmt"/>
        <line num="422" count="10" type="stmt"/>
        <line num="424" count="10" type="stmt"/>
        <line num="426" count="10" type="stmt"/>
        <line num="428" count="10" type="stmt"/>
        <line num="429" count="10" type="stmt"/>
        <line num="431" count="10" type="stmt"/>
        <line num="441" count="1" type="stmt"/>
        <line num="442" count="17" type="stmt"/>
        <line num="443" count="16" type="cond" truecount="2" falsecount="1"/>
        <line num="444" count="0" type="stmt"/>
        <line num="446" count="16" type="stmt"/>
        <line num="450" count="1" type="stmt"/>
        <line num="451" count="33" type="cond" truecount="4" falsecount="0"/>
        <line num="452" count="23" type="stmt"/>
        <line num="453" count="23" type="stmt"/>
        <line num="454" count="23" type="stmt"/>
        <line num="459" count="10" type="cond" truecount="1" falsecount="1"/>
        <line num="460" count="10" type="cond" truecount="1" falsecount="1"/>
        <line num="461" count="0" type="stmt"/>
        <line num="466" count="10" type="cond" truecount="1" falsecount="0"/>
        <line num="467" count="10" type="stmt"/>
        <line num="470" count="0" type="stmt"/>
        <line num="472" count="0" type="stmt"/>
        <line num="476" count="1" type="stmt"/>
        <line num="477" count="23" type="stmt"/>
        <line num="478" count="23" type="cond" truecount="2" falsecount="1"/>
        <line num="479" count="0" type="stmt"/>
        <line num="481" count="23" type="stmt"/>
        <line num="485" count="1" type="stmt"/>
        <line num="486" count="23" type="cond" truecount="4" falsecount="0"/>
        <line num="487" count="15" type="stmt"/>
        <line num="488" count="15" type="stmt"/>
        <line num="490" count="15" type="cond" truecount="6" falsecount="0"/>
        <line num="491" count="4" type="stmt"/>
        <line num="502" count="11" type="cond" truecount="3" falsecount="1"/>
        <line num="503" count="11" type="stmt"/>
        <line num="509" count="0" type="stmt"/>
        <line num="511" count="8" type="cond" truecount="1" falsecount="1"/>
        <line num="514" count="8" type="cond" truecount="1" falsecount="1"/>
        <line num="515" count="0" type="stmt"/>
        <line num="516" count="0" type="stmt"/>
        <line num="517" count="8" type="cond" truecount="1" falsecount="0"/>
        <line num="518" count="8" type="stmt"/>
        <line num="522" count="8" type="cond" truecount="2" falsecount="1"/>
        <line num="523" count="0" type="stmt"/>
        <line num="525" count="8" type="stmt"/>
        <line num="526" count="8" type="stmt"/>
        <line num="529" count="8" type="cond" truecount="1" falsecount="0"/>
        <line num="530" count="8" type="cond" truecount="0" falsecount="1"/>
        <line num="531" count="0" type="stmt"/>
        <line num="533" count="8" type="stmt"/>
        <line num="535" count="8" type="cond" truecount="1" falsecount="0"/>
        <line num="536" count="8" type="cond" truecount="0" falsecount="1"/>
        <line num="537" count="0" type="stmt"/>
        <line num="539" count="8" type="stmt"/>
        <line num="542" count="8" type="stmt"/>
        <line num="548" count="0" type="stmt"/>
      </file>
    </package>
    <package name="wasm.pkg">
      <metrics statements="0" coveredstatements="0" conditionals="0" coveredconditionals="0" methods="0" coveredmethods="0"/>
      <file name="garaga_rs.d.ts" path="/Users/luiz/Documents/freela/garaga/tools/npm/garaga_ts/src/wasm/pkg/garaga_rs.d.ts">
        <metrics statements="0" coveredstatements="0" conditionals="0" coveredconditionals="0" methods="0" coveredmethods="0"/>
      </file>
      <file name="garaga_rs_bg.wasm.d.ts" path="/Users/luiz/Documents/freela/garaga/tools/npm/garaga_ts/src/wasm/pkg/garaga_rs_bg.wasm.d.ts">
        <metrics statements="0" coveredstatements="0" conditionals="0" coveredconditionals="0" methods="0" coveredmethods="0"/>
      </file>
    </package>
  </project>
</coverage>
