TN:
SF:src/node/api.ts
FN:5,(anonymous_0)
FN:22,msmCalldataBuilder
FN:23,(anonymous_2)
FNF:3
FNH:0
FNDA:0,(anonymous_0)
FNDA:0,msmCalldataBuilder
FNDA:0,(anonymous_2)
DA:3,0
DA:5,0
DA:6,0
DA:7,0
DA:8,0
DA:9,0
DA:10,0
DA:22,0
DA:23,0
DA:24,0
DA:25,0
DA:26,0
DA:27,0
DA:28,0
LF:14
LH:0
BRDA:5,0,0,0
BRDA:5,0,1,0
BRDA:22,1,0,0
BRDA:24,2,0,0
BRDA:24,2,1,0
BRDA:25,3,0,0
BRDA:25,3,1,0
BRDA:26,4,0,0
BRDA:26,4,1,0
BRDA:27,5,0,0
BRDA:27,5,1,0
BRF:11
BRH:0
end_of_record
TN:
SF:src/node/definitions.ts
FN:12,(anonymous_0)
FN:75,(anonymous_1)
FN:87,(anonymous_2)
FN:96,(anonymous_3)
FN:108,(anonymous_4)
FN:178,(anonymous_5)
FNF:6
FNH:6
FNDA:1,(anonymous_0)
FNDA:2,(anonymous_1)
FNDA:20,(anonymous_2)
FNDA:1,(anonymous_3)
FNDA:65,(anonymous_4)
FNDA:64,(anonymous_5)
DA:12,1
DA:13,1
DA:14,1
DA:15,1
DA:16,1
DA:17,1
DA:75,1
DA:78,2
DA:79,0
DA:81,2
DA:82,0
DA:85,2
DA:87,2
DA:88,20
DA:89,7
DA:90,7
DA:93,2
DA:96,1
DA:108,1
DA:109,65
DA:112,1
DA:113,1
DA:114,1
DA:116,1
DA:117,66
DA:118,1
DA:119,1
DA:121,65
DA:122,65
DA:123,65
DA:124,65
DA:127,66
DA:128,66
DA:131,1
DA:134,1
DA:178,64
LF:36
LH:34
BRDA:12,0,0,1
BRDA:12,0,1,1
BRDA:78,1,0,0
BRDA:81,2,0,0
BRDA:88,3,0,7
BRDA:88,4,0,20
BRDA:88,4,1,13
BRDA:117,5,0,1
BRDA:117,5,1,65
BRDA:124,6,0,63
BRDA:124,6,1,2
BRF:11
BRH:9
end_of_record
TN:
SF:src/node/index.ts
FN:7,init
FNF:1
FNH:0
FNDA:0,init
DA:1,0
DA:2,0
DA:4,0
DA:5,0
DA:7,0
DA:8,0
LF:6
LH:0
BRF:0
BRH:0
end_of_record
TN:
SF:src/node/hints/io.ts
FN:4,(anonymous_0)
FN:39,(anonymous_1)
FN:55,(anonymous_2)
FN:70,(anonymous_3)
FN:83,(anonymous_4)
FN:97,(anonymous_5)
FNF:6
FNH:1
FNDA:16,(anonymous_0)
FNDA:0,(anonymous_1)
FNDA:0,(anonymous_2)
FNDA:0,(anonymous_3)
FNDA:0,(anonymous_4)
FNDA:0,(anonymous_5)
DA:4,1
DA:7,16
DA:8,16
DA:9,16
DA:10,16
DA:12,0
DA:13,0
DA:15,0
DA:18,0
DA:19,0
DA:20,0
DA:21,0
DA:22,0
DA:24,0
DA:26,0
DA:27,0
DA:28,0
DA:29,0
DA:31,0
DA:33,0
DA:39,1
DA:40,0
DA:41,0
DA:43,0
DA:45,0
DA:46,0
DA:47,0
DA:49,0
DA:51,0
DA:55,1
DA:56,0
DA:57,0
DA:59,0
DA:60,0
DA:62,0
DA:63,0
DA:64,0
DA:65,0
DA:67,0
DA:70,1
DA:71,0
DA:72,0
DA:74,0
DA:75,0
DA:76,0
DA:77,0
DA:78,0
DA:80,0
DA:83,1
DA:84,0
DA:85,0
DA:87,0
DA:88,0
DA:91,0
DA:92,0
DA:94,0
DA:97,1
DA:98,0
DA:99,0
DA:101,0
DA:102,0
DA:105,0
DA:107,0
DA:108,0
DA:111,0
DA:112,0
DA:113,0
DA:116,0
DA:117,0
DA:121,0
DA:122,0
DA:125,0
LF:72
LH:10
BRDA:7,0,0,16
BRDA:7,0,1,0
BRDA:12,1,0,0
BRDA:12,1,1,0
BRDA:18,2,0,0
BRDA:18,2,1,0
BRDA:20,3,0,0
BRDA:20,3,1,0
BRDA:21,4,0,0
BRDA:21,4,1,0
BRDA:26,5,0,0
BRDA:26,5,1,0
BRDA:40,6,0,0
BRDA:40,6,1,0
BRDA:46,7,0,0
BRDA:46,7,1,0
BRDA:46,8,0,0
BRDA:46,8,1,0
BRDA:56,9,0,0
BRDA:59,10,0,0
BRDA:71,11,0,0
BRDA:71,12,0,0
BRDA:71,12,1,0
BRDA:75,13,0,0
BRDA:75,13,1,0
BRDA:87,14,0,0
BRDA:87,15,0,0
BRDA:87,15,1,0
BRDA:101,16,0,0
BRDA:121,17,0,0
BRF:30
BRH:1
end_of_record
TN:
SF:src/node/starknet/groth16ContractGenerator/parsingUtils.ts
FN:77,(anonymous_0)
FN:118,(anonymous_1)
FN:121,(anonymous_2)
FN:146,(anonymous_3)
FN:196,(anonymous_4)
FN:215,ok
FN:241,(anonymous_6)
FN:259,(anonymous_7)
FN:279,(anonymous_8)
FN:285,(anonymous_9)
FN:315,(anonymous_10)
FN:333,(anonymous_11)
FN:337,(anonymous_12)
FN:338,(anonymous_13)
FN:363,(anonymous_14)
FN:367,(anonymous_15)
FN:391,(anonymous_16)
FN:400,(anonymous_17)
FN:426,(anonymous_18)
FN:435,(anonymous_19)
FNF:20
FNH:9
FNDA:2,(anonymous_0)
FNDA:0,(anonymous_1)
FNDA:0,(anonymous_2)
FNDA:0,(anonymous_3)
FNDA:0,(anonymous_4)
FNDA:0,ok
FNDA:0,(anonymous_6)
FNDA:0,(anonymous_7)
FNDA:0,(anonymous_8)
FNDA:2,(anonymous_9)
FNDA:0,(anonymous_10)
FNDA:26,(anonymous_11)
FNDA:66,(anonymous_12)
FNDA:72,(anonymous_13)
FNDA:0,(anonymous_14)
FNDA:0,(anonymous_15)
FNDA:4,(anonymous_16)
FNDA:4,(anonymous_17)
FNDA:2,(anonymous_18)
FNDA:2,(anonymous_19)
DA:1,1
DA:2,1
DA:3,1
DA:4,1
DA:8,1
DA:9,1
DA:10,1
DA:77,1
DA:79,2
DA:81,2
DA:83,2
DA:85,2
DA:87,2
DA:88,2
DA:90,0
DA:93,2
DA:95,2
DA:96,0
DA:97,0
DA:99,0
DA:100,0
DA:101,0
DA:103,0
DA:109,2
DA:111,2
DA:113,0
DA:115,0
DA:117,0
DA:118,0
DA:120,0
DA:121,0
DA:123,0
DA:126,2
DA:128,2
DA:129,2
DA:130,2
DA:132,2
DA:140,0
DA:146,1
DA:149,0
DA:150,0
DA:153,0
DA:155,0
DA:156,0
DA:157,0
DA:159,0
DA:161,0
DA:194,0
DA:196,1
DA:197,0
DA:200,0
DA:212,0
DA:217,0
DA:223,0
DA:230,0
DA:241,1
DA:242,0
DA:245,0
DA:248,0
DA:256,0
DA:259,1
DA:262,0
DA:264,0
DA:265,0
DA:268,0
DA:269,0
DA:273,0
DA:276,0
DA:279,1
DA:280,0
DA:282,0
DA:285,1
DA:286,2
DA:287,2
DA:288,2
DA:291,0
DA:293,0
DA:294,0
DA:295,0
DA:296,0
DA:298,0
DA:302,0
DA:303,0
DA:306,0
DA:307,0
DA:309,0
DA:315,1
DA:316,0
DA:317,0
DA:318,0
DA:319,0
DA:320,0
DA:322,0
DA:325,0
DA:329,0
DA:333,1
DA:334,26
DA:335,26
DA:337,26
DA:338,66
DA:340,72
DA:341,20
DA:343,52
DA:345,4
DA:346,4
DA:347,4
DA:349,4
DA:350,4
DA:351,4
DA:357,26
DA:358,24
DA:360,2
DA:363,1
DA:364,0
DA:367,1
DA:370,0
DA:371,0
DA:372,0
DA:374,0
DA:376,0
DA:378,0
DA:379,0
DA:381,0
DA:391,1
DA:392,4
DA:393,4
DA:394,0
DA:396,4
DA:400,1
DA:401,4
DA:402,4
DA:403,4
DA:404,4
DA:409,0
DA:410,0
DA:411,0
DA:416,0
DA:417,0
DA:420,0
DA:422,0
DA:426,1
DA:427,2
DA:428,2
DA:429,0
DA:431,2
DA:435,1
DA:436,2
DA:437,2
DA:438,2
DA:440,2
DA:441,0
DA:452,2
DA:453,2
DA:459,0
DA:461,0
DA:464,0
DA:465,0
DA:466,0
DA:467,0
DA:468,0
DA:472,0
DA:473,0
DA:475,0
DA:476,0
DA:479,0
DA:480,0
DA:481,0
DA:483,0
DA:485,0
DA:486,0
DA:487,0
DA:489,0
DA:492,0
DA:498,0
LF:174
LH:72
BRDA:111,0,0,0
BRDA:111,0,1,2
BRDA:115,1,0,0
BRDA:115,1,1,0
BRDA:115,2,0,0
BRDA:115,2,1,0
BRDA:120,3,0,0
BRDA:120,3,1,0
BRDA:146,4,0,0
BRDA:146,5,0,0
BRDA:149,6,0,0
BRDA:262,7,0,0
BRDA:262,7,1,0
BRDA:302,8,0,0
BRDA:306,9,0,0
BRDA:306,9,1,0
BRDA:318,10,0,0
BRDA:320,11,0,0
BRDA:320,11,1,0
BRDA:320,12,0,0
BRDA:320,12,1,0
BRDA:320,12,2,0
BRDA:340,13,0,20
BRDA:340,13,1,52
BRDA:343,14,0,4
BRDA:347,15,0,4
BRDA:347,15,1,0
BRDA:349,16,0,4
BRDA:357,17,0,24
BRDA:393,18,0,0
BRDA:393,19,0,4
BRDA:393,19,1,4
BRDA:401,20,0,4
BRDA:401,20,1,0
BRDA:401,21,0,4
BRDA:401,21,1,4
BRDA:409,22,0,0
BRDA:409,22,1,0
BRDA:410,23,0,0
BRDA:410,23,1,0
BRDA:416,24,0,0
BRDA:428,25,0,0
BRDA:428,26,0,2
BRDA:428,26,1,2
BRDA:436,27,0,2
BRDA:436,27,1,0
BRDA:436,28,0,2
BRDA:436,28,1,2
BRDA:440,29,0,0
BRDA:440,29,1,2
BRDA:440,30,0,2
BRDA:440,30,1,2
BRDA:440,30,2,2
BRDA:440,30,3,0
BRDA:452,31,0,2
BRDA:452,31,1,0
BRDA:452,32,0,2
BRDA:452,32,1,2
BRDA:461,33,0,0
BRDA:461,33,1,0
BRDA:464,34,0,0
BRDA:464,34,1,0
BRDA:467,35,0,0
BRDA:472,36,0,0
BRDA:472,37,0,0
BRDA:472,37,1,0
BRDA:479,38,0,0
BRDA:480,39,0,0
BRDA:485,40,0,0
BRDA:486,41,0,0
BRF:70
BRH:24
end_of_record
TN:
SF:src/wasm/pkg/garaga_rs.d.ts
FNF:0
FNH:0
LF:0
LH:0
BRF:0
BRH:0
end_of_record
TN:
SF:src/wasm/pkg/garaga_rs_bg.wasm.d.ts
FNF:0
FNH:0
LF:0
LH:0
BRF:0
BRH:0
end_of_record
