TN:
SF:src/node/api.ts
FN:5,(anonymous_0)
FN:22,msmCalldataBuilder
FN:23,(anonymous_2)
FNF:3
FNH:0
FNDA:0,(anonymous_0)
FNDA:0,msmCalldataBuilder
FNDA:0,(anonymous_2)
DA:3,0
DA:5,0
DA:6,0
DA:7,0
DA:8,0
DA:9,0
DA:10,0
DA:22,0
DA:23,0
DA:24,0
DA:25,0
DA:26,0
DA:27,0
DA:28,0
LF:14
LH:0
BRDA:5,0,0,0
BRDA:5,0,1,0
BRDA:22,1,0,0
BRDA:24,2,0,0
BRDA:24,2,1,0
BRDA:25,3,0,0
BRDA:25,3,1,0
BRDA:26,4,0,0
BRDA:26,4,1,0
BRDA:27,5,0,0
BRDA:27,5,1,0
BRF:11
BRH:0
end_of_record
TN:
SF:src/node/definitions.ts
FN:12,(anonymous_0)
FN:75,(anonymous_1)
FN:87,(anonymous_2)
FN:96,(anonymous_3)
FN:108,(anonymous_4)
FN:178,(anonymous_5)
FNF:6
FNH:6
FNDA:1,(anonymous_0)
FNDA:4,(anonymous_1)
FNDA:20,(anonymous_2)
FNDA:1,(anonymous_3)
FNDA:65,(anonymous_4)
FNDA:64,(anonymous_5)
DA:12,1
DA:13,1
DA:14,1
DA:15,1
DA:16,1
DA:17,1
DA:75,1
DA:78,4
DA:79,1
DA:81,3
DA:82,1
DA:85,2
DA:87,2
DA:88,20
DA:89,7
DA:90,7
DA:93,2
DA:96,1
DA:108,1
DA:109,65
DA:112,1
DA:113,1
DA:114,1
DA:116,1
DA:117,66
DA:118,1
DA:119,1
DA:121,65
DA:122,65
DA:123,65
DA:124,65
DA:127,66
DA:128,66
DA:131,1
DA:134,1
DA:178,64
LF:36
LH:36
BRDA:12,0,0,1
BRDA:12,0,1,1
BRDA:78,1,0,1
BRDA:81,2,0,1
BRDA:88,3,0,7
BRDA:88,4,0,20
BRDA:88,4,1,13
BRDA:117,5,0,1
BRDA:117,5,1,65
BRDA:124,6,0,63
BRDA:124,6,1,2
BRF:11
BRH:11
end_of_record
TN:
SF:src/node/index.ts
FN:7,init
FNF:1
FNH:0
FNDA:0,init
DA:1,0
DA:2,0
DA:4,0
DA:5,0
DA:7,0
DA:8,0
LF:6
LH:0
BRF:0
BRH:0
end_of_record
TN:
SF:src/node/hints/io.ts
FN:4,(anonymous_0)
FN:39,(anonymous_1)
FN:55,(anonymous_2)
FN:70,(anonymous_3)
FN:83,(anonymous_4)
FN:97,(anonymous_5)
FNF:6
FNH:3
FNDA:53,(anonymous_0)
FNDA:0,(anonymous_1)
FNDA:0,(anonymous_2)
FNDA:1,(anonymous_3)
FNDA:0,(anonymous_4)
FNDA:4,(anonymous_5)
DA:4,1
DA:7,53
DA:8,51
DA:9,51
DA:10,51
DA:12,0
DA:13,0
DA:15,0
DA:18,2
DA:19,0
DA:20,2
DA:21,2
DA:22,2
DA:24,0
DA:26,0
DA:27,0
DA:28,0
DA:29,0
DA:31,0
DA:33,0
DA:39,1
DA:40,0
DA:41,0
DA:43,0
DA:45,0
DA:46,0
DA:47,0
DA:49,0
DA:51,0
DA:55,1
DA:56,0
DA:57,0
DA:59,0
DA:60,0
DA:62,0
DA:63,0
DA:64,0
DA:65,0
DA:67,0
DA:70,1
DA:71,1
DA:72,1
DA:74,0
DA:75,0
DA:76,0
DA:77,0
DA:78,0
DA:80,0
DA:83,1
DA:84,0
DA:85,0
DA:87,0
DA:88,0
DA:91,0
DA:92,0
DA:94,0
DA:97,1
DA:98,4
DA:99,4
DA:101,4
DA:102,4
DA:105,0
DA:107,0
DA:108,0
DA:111,0
DA:112,0
DA:113,0
DA:116,0
DA:117,0
DA:121,0
DA:122,0
DA:125,0
LF:72
LH:20
BRDA:7,0,0,51
BRDA:7,0,1,2
BRDA:12,1,0,0
BRDA:12,1,1,0
BRDA:18,2,0,0
BRDA:18,2,1,2
BRDA:20,3,0,2
BRDA:20,3,1,0
BRDA:21,4,0,2
BRDA:21,4,1,0
BRDA:26,5,0,0
BRDA:26,5,1,0
BRDA:40,6,0,0
BRDA:40,6,1,0
BRDA:46,7,0,0
BRDA:46,7,1,0
BRDA:46,8,0,0
BRDA:46,8,1,0
BRDA:56,9,0,0
BRDA:59,10,0,0
BRDA:71,11,0,1
BRDA:71,12,0,1
BRDA:71,12,1,0
BRDA:75,13,0,0
BRDA:75,13,1,0
BRDA:87,14,0,0
BRDA:87,15,0,0
BRDA:87,15,1,0
BRDA:101,16,0,4
BRDA:121,17,0,0
BRF:30
BRH:8
end_of_record
TN:
SF:src/node/starknet/groth16ContractGenerator/parsingUtils.ts
FN:77,(anonymous_0)
FN:118,(anonymous_1)
FN:121,(anonymous_2)
FN:146,(anonymous_3)
FN:196,(anonymous_4)
FN:215,ok
FN:241,(anonymous_6)
FN:259,(anonymous_7)
FN:279,(anonymous_8)
FN:285,(anonymous_9)
FN:315,(anonymous_10)
FN:333,(anonymous_11)
FN:339,(anonymous_12)
FN:340,(anonymous_13)
FN:366,(anonymous_14)
FN:370,(anonymous_15)
FN:394,(anonymous_16)
FN:403,(anonymous_17)
FN:429,(anonymous_18)
FN:438,(anonymous_19)
FNF:20
FNH:14
FNDA:5,(anonymous_0)
FNDA:2,(anonymous_1)
FNDA:2,(anonymous_2)
FNDA:0,(anonymous_3)
FNDA:0,(anonymous_4)
FNDA:0,ok
FNDA:0,(anonymous_6)
FNDA:0,(anonymous_7)
FNDA:0,(anonymous_8)
FNDA:5,(anonymous_9)
FNDA:7,(anonymous_10)
FNDA:54,(anonymous_11)
FNDA:176,(anonymous_12)
FNDA:197,(anonymous_13)
FNDA:4,(anonymous_14)
FNDA:4,(anonymous_15)
FNDA:10,(anonymous_16)
FNDA:10,(anonymous_17)
FNDA:5,(anonymous_18)
FNDA:5,(anonymous_19)
DA:1,1
DA:2,1
DA:3,1
DA:4,1
DA:8,1
DA:9,1
DA:10,1
DA:77,1
DA:79,5
DA:81,5
DA:83,5
DA:85,5
DA:87,5
DA:88,5
DA:90,3
DA:93,5
DA:95,5
DA:96,0
DA:97,0
DA:99,0
DA:100,0
DA:101,0
DA:103,0
DA:109,5
DA:111,5
DA:113,3
DA:115,3
DA:117,1
DA:118,2
DA:120,2
DA:121,2
DA:123,0
DA:126,2
DA:128,5
DA:129,5
DA:130,5
DA:132,5
DA:140,0
DA:146,1
DA:149,0
DA:150,0
DA:153,0
DA:155,0
DA:156,0
DA:157,0
DA:159,0
DA:161,0
DA:194,0
DA:196,1
DA:197,0
DA:200,0
DA:212,0
DA:217,0
DA:223,0
DA:230,0
DA:241,1
DA:242,0
DA:245,0
DA:248,0
DA:256,0
DA:259,1
DA:262,0
DA:264,0
DA:265,0
DA:268,0
DA:269,0
DA:273,0
DA:276,0
DA:279,1
DA:280,0
DA:282,0
DA:285,1
DA:286,5
DA:287,5
DA:288,4
DA:291,1
DA:293,1
DA:294,1
DA:295,1
DA:296,1
DA:298,0
DA:302,1
DA:303,0
DA:306,1
DA:307,0
DA:309,1
DA:315,1
DA:316,7
DA:317,7
DA:318,17
DA:319,17
DA:320,17
DA:322,6
DA:325,11
DA:329,7
DA:333,1
DA:334,54
DA:335,54
DA:337,54
DA:339,54
DA:340,176
DA:342,197
DA:343,33
DA:344,33
DA:346,164
DA:348,16
DA:349,16
DA:350,16
DA:352,16
DA:353,12
DA:354,12
DA:360,54
DA:361,45
DA:363,9
DA:366,1
DA:367,4
DA:370,1
DA:373,4
DA:374,4
DA:375,4
DA:377,4
DA:379,4
DA:381,4
DA:382,4
DA:384,4
DA:394,1
DA:395,10
DA:396,10
DA:397,0
DA:399,10
DA:403,1
DA:404,10
DA:405,6
DA:406,6
DA:407,6
DA:412,4
DA:413,4
DA:414,0
DA:419,4
DA:420,4
DA:423,0
DA:425,0
DA:429,1
DA:430,5
DA:431,5
DA:432,0
DA:434,5
DA:438,1
DA:439,5
DA:440,3
DA:441,3
DA:443,3
DA:444,1
DA:455,2
DA:456,2
DA:462,0
DA:464,2
DA:467,2
DA:468,0
DA:469,0
DA:470,2
DA:471,2
DA:475,2
DA:476,0
DA:478,2
DA:479,2
DA:482,2
DA:483,2
DA:484,0
DA:486,2
DA:488,2
DA:489,2
DA:490,0
DA:492,2
DA:495,2
DA:501,0
LF:176
LH:125
BRDA:111,0,0,3
BRDA:111,0,1,2
BRDA:115,1,0,1
BRDA:115,1,1,2
BRDA:115,2,0,3
BRDA:115,2,1,3
BRDA:120,3,0,2
BRDA:120,3,1,0
BRDA:146,4,0,0
BRDA:146,5,0,0
BRDA:149,6,0,0
BRDA:262,7,0,0
BRDA:262,7,1,0
BRDA:302,8,0,0
BRDA:302,9,0,1
BRDA:302,9,1,1
BRDA:306,10,0,0
BRDA:306,10,1,1
BRDA:318,11,0,17
BRDA:320,12,0,6
BRDA:320,12,1,11
BRDA:320,13,0,17
BRDA:320,13,1,15
BRDA:320,13,2,7
BRDA:342,14,0,33
BRDA:342,14,1,164
BRDA:346,15,0,16
BRDA:346,16,0,164
BRDA:346,16,1,137
BRDA:350,17,0,16
BRDA:350,17,1,0
BRDA:352,18,0,12
BRDA:360,19,0,45
BRDA:396,20,0,0
BRDA:396,21,0,10
BRDA:396,21,1,10
BRDA:404,22,0,6
BRDA:404,22,1,4
BRDA:404,23,0,10
BRDA:404,23,1,10
BRDA:412,24,0,4
BRDA:412,24,1,0
BRDA:413,25,0,0
BRDA:413,25,1,4
BRDA:419,26,0,4
BRDA:431,27,0,0
BRDA:431,28,0,5
BRDA:431,28,1,5
BRDA:439,29,0,3
BRDA:439,29,1,2
BRDA:439,30,0,5
BRDA:439,30,1,5
BRDA:443,31,0,1
BRDA:443,31,1,2
BRDA:443,32,0,3
BRDA:443,32,1,3
BRDA:443,32,2,3
BRDA:443,32,3,1
BRDA:455,33,0,2
BRDA:455,33,1,0
BRDA:455,34,0,2
BRDA:455,34,1,2
BRDA:464,35,0,2
BRDA:464,35,1,0
BRDA:467,36,0,0
BRDA:467,36,1,2
BRDA:470,37,0,2
BRDA:475,38,0,0
BRDA:475,39,0,2
BRDA:475,39,1,2
BRDA:482,40,0,2
BRDA:483,41,0,0
BRDA:488,42,0,2
BRDA:489,43,0,0
BRF:74
BRH:55
end_of_record
TN:
SF:src/wasm/pkg/garaga_rs.d.ts
FNF:0
FNH:0
LF:0
LH:0
BRF:0
BRH:0
end_of_record
TN:
SF:src/wasm/pkg/garaga_rs_bg.wasm.d.ts
FNF:0
FNH:0
LF:0
LH:0
BRF:0
BRH:0
end_of_record
